C:\Users\Dan\source\repos\CRUDTestAngular7\CRUDTestAngular7\alunoscrud\dist\out-tsc\e2e\src\app.po.js
C:\Users\Dan\source\repos\CRUDTestAngular7\CRUDTestAngular7\alunoscrud\dist\out-tsc\e2e\src\app.po.js.map
C:\Users\Dan\source\repos\CRUDTestAngular7\CRUDTestAngular7\alunoscrud\dist\out-tsc\e2e\src\app.e2e-spec.js
C:\Users\Dan\source\repos\CRUDTestAngular7\CRUDTestAngular7\alunoscrud\dist\out-tsc\e2e\src\app.e2e-spec.js.map
C:\Users\Dan\source\repos\CRUDTestAngular7\CRUDTestAngular7\alunoscrud\dist\out-tsc\src\app\app-routing.module.js
C:\Users\Dan\source\repos\CRUDTestAngular7\CRUDTestAngular7\alunoscrud\dist\out-tsc\src\app\app-routing.module.js.map
C:\Users\Dan\source\repos\CRUDTestAngular7\CRUDTestAngular7\alunoscrud\dist\out-tsc\src\app\app.component.js
C:\Users\Dan\source\repos\CRUDTestAngular7\CRUDTestAngular7\alunoscrud\dist\out-tsc\src\app\app.component.js.map
C:\Users\Dan\source\repos\CRUDTestAngular7\CRUDTestAngular7\alunoscrud\dist\out-tsc\src\app\aluno.js
C:\Users\Dan\source\repos\CRUDTestAngular7\CRUDTestAngular7\alunoscrud\dist\out-tsc\src\app\aluno.js.map
C:\Users\Dan\source\repos\CRUDTestAngular7\CRUDTestAngular7\alunoscrud\dist\out-tsc\src\app\aluno.service.js
C:\Users\Dan\source\repos\CRUDTestAngular7\CRUDTestAngular7\alunoscrud\dist\out-tsc\src\app\aluno.service.js.map
C:\Users\Dan\source\repos\CRUDTestAngular7\CRUDTestAngular7\alunoscrud\dist\out-tsc\src\app\aluno\aluno.component.js
C:\Users\Dan\source\repos\CRUDTestAngular7\CRUDTestAngular7\alunoscrud\dist\out-tsc\src\app\aluno\aluno.component.js.map
C:\Users\Dan\source\repos\CRUDTestAngular7\CRUDTestAngular7\alunoscrud\dist\out-tsc\src\app\app.module.js
C:\Users\Dan\source\repos\CRUDTestAngular7\CRUDTestAngular7\alunoscrud\dist\out-tsc\src\app\app.module.js.map
C:\Users\Dan\source\repos\CRUDTestAngular7\CRUDTestAngular7\alunoscrud\dist\out-tsc\src\environments\environment.js
C:\Users\Dan\source\repos\CRUDTestAngular7\CRUDTestAngular7\alunoscrud\dist\out-tsc\src\environments\environment.js.map
C:\Users\Dan\source\repos\CRUDTestAngular7\CRUDTestAngular7\alunoscrud\dist\out-tsc\src\main.js
C:\Users\Dan\source\repos\CRUDTestAngular7\CRUDTestAngular7\alunoscrud\dist\out-tsc\src\main.js.map
C:\Users\Dan\source\repos\CRUDTestAngular7\CRUDTestAngular7\alunoscrud\dist\out-tsc\src\polyfills.js
C:\Users\Dan\source\repos\CRUDTestAngular7\CRUDTestAngular7\alunoscrud\dist\out-tsc\src\polyfills.js.map
C:\Users\Dan\source\repos\CRUDTestAngular7\CRUDTestAngular7\alunoscrud\dist\out-tsc\src\test.js
C:\Users\Dan\source\repos\CRUDTestAngular7\CRUDTestAngular7\alunoscrud\dist\out-tsc\src\test.js.map
C:\Users\Dan\source\repos\CRUDTestAngular7\CRUDTestAngular7\alunoscrud\dist\out-tsc\src\app\aluno.service.spec.js
C:\Users\Dan\source\repos\CRUDTestAngular7\CRUDTestAngular7\alunoscrud\dist\out-tsc\src\app\aluno.service.spec.js.map
C:\Users\Dan\source\repos\CRUDTestAngular7\CRUDTestAngular7\alunoscrud\dist\out-tsc\src\app\aluno.spec.js
C:\Users\Dan\source\repos\CRUDTestAngular7\CRUDTestAngular7\alunoscrud\dist\out-tsc\src\app\aluno.spec.js.map
C:\Users\Dan\source\repos\CRUDTestAngular7\CRUDTestAngular7\alunoscrud\dist\out-tsc\src\app\app.component.spec.js
C:\Users\Dan\source\repos\CRUDTestAngular7\CRUDTestAngular7\alunoscrud\dist\out-tsc\src\app\app.component.spec.js.map
C:\Users\Dan\source\repos\CRUDTestAngular7\CRUDTestAngular7\alunoscrud\dist\out-tsc\src\app\aluno\aluno.component.spec.js
C:\Users\Dan\source\repos\CRUDTestAngular7\CRUDTestAngular7\alunoscrud\dist\out-tsc\src\app\aluno\aluno.component.spec.js.map
C:\Users\Dan\source\repos\CRUDTestAngular7\CRUDTestAngular7\alunoscrud\dist\out-tsc\src\environments\environment.prod.js
C:\Users\Dan\source\repos\CRUDTestAngular7\CRUDTestAngular7\alunoscrud\dist\out-tsc\src\environments\environment.prod.js.map
